Args.cpp
SCCS/s.Args.cpp:

D 1.2 97/05/30 10:28:12 mpmoore 2 1	00009/00006/00078
MRs:
COMMENTS:
version 3.0.5 - now builds and runs on Sun and PC from same code.

----------------------------------
Bootstrap.cpp
SCCS/s.Bootstrap.cpp:

D 4.2 97/05/28 09:44:32 mpmoore 3 2	00056/00056/00000
MRs:
COMMENTS:
Removing ^M's

----------------------------------
CNR.cpp
SCCS/s.CNR.cpp:

----------------------------------
Calendar.cpp
SCCS/s.Calendar.cpp:

----------------------------------
Calibrator.cpp
SCCS/s.Calibrator.cpp:

----------------------------------
Ceiling.cpp
SCCS/s.Ceiling.cpp:

D 4.2 97/05/28 09:44:40 mpmoore 3 2	00117/00117/00000
MRs:
COMMENTS:
Removing ^M's

----------------------------------
CeilingPolicy.cpp
SCCS/s.CeilingPolicy.cpp:

D 4.2 97/04/02 11:32:38 troy 3 2	00001/00022/00046
MRs:
COMMENTS:
cleaned up multi-ceiling policy concept

----------------------------------
Cohort.cpp
SCCS/s.Cohort.cpp:

----------------------------------
Fishery.cpp
SCCS/s.Fishery.cpp:

----------------------------------
FisheryManagement.cpp
SCCS/s.FisheryManagement.cpp:

D 4.2 97/04/02 11:32:39 troy 3 2	00018/00010/00534
MRs:
COMMENTS:
cleaned up multi-ceiling policy concept

----------------------------------
FisherySummary.cpp
SCCS/s.FisherySummary.cpp:

----------------------------------
FisheryTactics.cpp
SCCS/s.FisheryTactics.cpp:

D 4.2 97/05/28 09:44:52 mpmoore 3 2	00042/00042/00000
MRs:
COMMENTS:
Removing ^M's

----------------------------------
FixedCombHarv.cpp
SCCS/s.FixedCombHarv.cpp:

----------------------------------
FixedEscapementPolicy.cpp
SCCS/s.FixedEscapementPolicy.cpp:

D 4.2 97/05/28 09:45:00 mpmoore 3 2	00001/00001/00480
MRs:
COMMENTS:
Removing ^M's

----------------------------------
GUI.cpp
SCCS/s.GUI.cpp:

----------------------------------
Harvest.cpp
SCCS/s.Harvest.cpp:

----------------------------------
HarvestList.cpp
SCCS/s.HarvestList.cpp:

----------------------------------
HarvestTactics.cpp
SCCS/s.HarvestTactics.cpp:

----------------------------------
HatchSurplusProduction.cpp
SCCS/s.HatchSurplusProduction.cpp:

----------------------------------
HatcheryProduction.cpp
SCCS/s.HatcheryProduction.cpp:

----------------------------------
HvSummary.cpp
SCCS/s.HvSummary.cpp:

D 4.2 97/05/28 09:45:15 mpmoore 3 2	00056/00056/00000
MRs:
COMMENTS:
Removing ^M's

----------------------------------
IOCrud.cpp
SCCS/s.IOCrud.cpp:

D 4.3 97/05/30 10:28:06 mpmoore 4 3	00041/00045/02539
MRs:
COMMENTS:
version 3.0.5 - now builds and runs on Sun and PC from same code.

D 4.2 97/04/02 11:38:32 troy 3 2	00015/00001/02569
MRs:
COMMENTS:
new multiceiling policy approach

----------------------------------
MonteControl.cpp
SCCS/s.MonteControl.cpp:

D 4.2 97/05/28 09:45:23 mpmoore 3 2	00001/00001/00235
MRs:
COMMENTS:
Removing ^M's

----------------------------------
MonteDataItem.cpp
SCCS/s.MonteDataItem.cpp:

----------------------------------
MonteOutputItem.cpp
SCCS/s.MonteOutputItem.cpp:

D 4.2 97/05/28 09:45:31 mpmoore 3 2	00261/00261/00000
MRs:
COMMENTS:
Removing ^M's

----------------------------------
MonteStockIntrfc.cpp
SCCS/s.MonteStockIntrfc.cpp:

----------------------------------
MonteStockTracking.cpp
SCCS/s.MonteStockTracking.cpp:

----------------------------------
MonteTrackingItem.cpp
SCCS/s.MonteTrackingItem.cpp:

D 4.2 97/05/28 09:46:02 mpmoore 3 2	00094/00094/00000
MRs:
COMMENTS:
Removing ^M's

----------------------------------
MultiCeilingPolicy.cpp
SCCS/s.MultiCeilingPolicy.cpp:

D 4.2 97/04/02 11:32:37 troy 3 2	00021/00032/00086
MRs:
COMMENTS:
cleaned up multi-ceiling policy concept

----------------------------------
NamedPtrVec.cpp
SCCS/s.NamedPtrVec.cpp:

----------------------------------
NaturalProduction.cpp
SCCS/s.NaturalProduction.cpp:

----------------------------------
Parser.cpp
SCCS/s.Parser.cpp:

D 4.2 97/05/28 09:46:09 mpmoore 3 2	00100/00100/00000
MRs:
COMMENTS:
Removing ^M's

----------------------------------
Policy.cpp
SCCS/s.Policy.cpp:

----------------------------------
Production.cpp
SCCS/s.Production.cpp:

D 4.2 97/05/28 09:46:15 mpmoore 3 2	00039/00039/00000
MRs:
COMMENTS:
Removing ^M's

----------------------------------
RandGen.cpp
SCCS/s.RandGen.cpp:

----------------------------------
RandNorm.cpp
SCCS/s.RandNorm.cpp:

----------------------------------
ReadToken.cpp
SCCS/s.ReadToken.cpp:

D 4.2 97/05/27 14:58:13 mpmoore 3 2	00085/00085/00000
MRs:
COMMENTS:
removed ^M's

----------------------------------
Sample.cpp
SCCS/s.Sample.cpp:

D 4.2 97/05/28 09:46:21 mpmoore 3 2	00164/00164/00000
MRs:
COMMENTS:
Removing ^M's

----------------------------------
Simulation.cpp
SCCS/s.Simulation.cpp:

----------------------------------
State.cpp
SCCS/s.State.cpp:

----------------------------------
Stock.cpp
SCCS/s.Stock.cpp:

D 4.2 97/05/28 09:46:25 mpmoore 3 2	00369/00369/00000
MRs:
COMMENTS:
Removing ^M's

----------------------------------
StockCalib.cpp
SCCS/s.StockCalib.cpp:

----------------------------------
StockConfig.cpp
SCCS/s.StockConfig.cpp:

D 4.2 97/05/28 09:46:35 mpmoore 3 2	00060/00060/00000
MRs:
COMMENTS:
Removing ^M's

----------------------------------
StockSummary.cpp
SCCS/s.StockSummary.cpp:

D 4.2 97/05/28 09:46:40 mpmoore 3 2	00123/00123/00000
MRs:
COMMENTS:
Removing ^M's

----------------------------------
String.cpp
SCCS/s.String.cpp:

----------------------------------
Strtools.cpp
SCCS/s.Strtools.cpp:

D 4.3 97/05/30 10:28:14 mpmoore 4 3	00024/00002/00018
MRs:
COMMENTS:
version 3.0.5 - now builds and runs on Sun and PC from same code.

D 4.2 97/05/28 09:46:46 mpmoore 3 2	00020/00020/00000
MRs:
COMMENTS:
Removing ^M's

----------------------------------
Token.cpp
SCCS/s.Token.cpp:

----------------------------------
ZasCalibration.cpp
SCCS/s.ZasCalibration.cpp:

----------------------------------
ZasDialogMedBPHR.cpp
SCCS/s.ZasDialogMedBPHR.cpp:

----------------------------------
ZasDialogMedPNV.cpp
SCCS/s.ZasDialogMedPNV.cpp:

----------------------------------
ZasGraphMedMonteCarlo.cpp
SCCS/s.ZasGraphMedMonteCarlo.cpp:

----------------------------------
ZasGraphUpdateMed.cpp
SCCS/s.ZasGraphUpdateMed.cpp:

----------------------------------
ZasMapMedCrispHarvest.cpp
SCCS/s.ZasMapMedCrispHarvest.cpp:

D 4.4 97/04/02 10:47:38 umbe 5 4	00001/00000/00259
MRs:
COMMENTS:
new #inc needed

----------------------------------
ZasMediatorFactory.cpp
SCCS/s.ZasMediatorFactory.cpp:

----------------------------------
ZasMonteCarlo.cpp
SCCS/s.ZasMonteCarlo.cpp:

----------------------------------
ZasTabDialogCeilings.cpp
SCCS/s.ZasTabDialogCeilings.cpp:

----------------------------------
ZasTabDialogENH.cpp
SCCS/s.ZasTabDialogENH.cpp:

----------------------------------
ZasTabDialogMedCeilings.cpp
SCCS/s.ZasTabDialogMedCeilings.cpp:

----------------------------------
ZasTabDialogMedENH.cpp
SCCS/s.ZasTabDialogMedENH.cpp:

D 4.4 97/05/30 10:28:09 mpmoore 5 4	00026/00021/00144
MRs:
COMMENTS:
version 3.0.5 - now builds and runs on Sun and PC from same code.

----------------------------------
ZasTabDialogMedEV.cpp
SCCS/s.ZasTabDialogMedEV.cpp:

----------------------------------
ZasTabDialogMedHRS.cpp
SCCS/s.ZasTabDialogMedHRS.cpp:

----------------------------------
ZasTabDialogMedIDL.cpp
SCCS/s.ZasTabDialogMedIDL.cpp:

----------------------------------
ZasTabDialogMedMR.cpp
SCCS/s.ZasTabDialogMedMR.cpp:

----------------------------------
ZatCheckBoxGroup.cpp
SCCS/s.ZatCheckBoxGroup.cpp:

----------------------------------
ZatDialogBase.cpp
SCCS/s.ZatDialogBase.cpp:

----------------------------------
ZatDialogMedBase.cpp
SCCS/s.ZatDialogMedBase.cpp:

----------------------------------
ZatEditSliderBase.cpp
SCCS/s.ZatEditSliderBase.cpp:

----------------------------------
ZatEditSliderDouble.cpp
SCCS/s.ZatEditSliderDouble.cpp:

----------------------------------
ZatEditSliderLong.cpp
SCCS/s.ZatEditSliderLong.cpp:

----------------------------------
ZatGraphDialog.cpp
SCCS/s.ZatGraphDialog.cpp:

----------------------------------
ZatGraphicPane.cpp
SCCS/s.ZatGraphicPane.cpp:

----------------------------------
ZatImplicitScroller.cpp
SCCS/s.ZatImplicitScroller.cpp:

----------------------------------
ZatMapMediator.cpp
SCCS/s.ZatMapMediator.cpp:

----------------------------------
ZatMapPane.cpp
SCCS/s.ZatMapPane.cpp:

----------------------------------
ZatMercatorTransform.cpp
SCCS/s.ZatMercatorTransform.cpp:

----------------------------------
ZatPointTransform.cpp
SCCS/s.ZatPointTransform.cpp:

----------------------------------
ZatRowColumnBox.cpp
SCCS/s.ZatRowColumnBox.cpp:

D 4.4 97/05/30 10:28:10 mpmoore 5 4	00004/00004/00076
MRs:
COMMENTS:
version 3.0.5 - now builds and runs on Sun and PC from same code.

----------------------------------
ZatTabDialog.cpp
SCCS/s.ZatTabDialog.cpp:

----------------------------------
ZatTabDialogMed.cpp
SCCS/s.ZatTabDialogMed.cpp:

----------------------------------
base_tokens.cpp
SCCS/s.base_tokens.cpp:

----------------------------------
c2main.cpp
SCCS/s.c2main.cpp:

D 4.7 97/07/09 11:10:40 troy 8 7	00001/00000/00432
MRs:
COMMENTS:
added include

D 4.6 97/05/30 10:28:11 mpmoore 7 6	00002/00002/00430
MRs:
COMMENTS:
version 3.0.5 - now builds and runs on Sun and PC from same code.

----------------------------------
clog.cpp
SCCS/s.clog.cpp:

----------------------------------
command.cpp
SCCS/s.command.cpp:

D 4.2 97/05/28 09:47:02 mpmoore 3 2	00224/00224/00000
MRs:
COMMENTS:
Removing ^M's

----------------------------------
datFisheryCeilings.cpp
SCCS/s.datFisheryCeilings.cpp:

----------------------------------
datIntDouble.cpp
SCCS/s.datIntDouble.cpp:

D 4.2 97/05/28 09:47:09 mpmoore 3 2	00027/00027/00000
MRs:
COMMENTS:
Removing ^M's

----------------------------------
debug.cpp
SCCS/s.debug.cpp:

----------------------------------
dir.cpp
SCCS/s.dir.cpp:

D 4.2 97/07/09 11:09:55 troy 3 2	00001/00001/00192
MRs:
COMMENTS:
changed index() to strchr()

----------------------------------
engine.cpp
SCCS/s.engine.cpp:

D 4.3 97/04/02 11:32:40 troy 4 3	00022/00025/00033
MRs:
COMMENTS:
cleaned up multi-ceiling policy concept

----------------------------------
globals.cpp
SCCS/s.globals.cpp:

----------------------------------
idcBPHR.cpp
SCCS/s.idcBPHR.cpp:

----------------------------------
idcCeilings.cpp
SCCS/s.idcCeilings.cpp:

----------------------------------
idcENH.cpp
SCCS/s.idcENH.cpp:

----------------------------------
idcEV.cpp
SCCS/s.idcEV.cpp:

----------------------------------
idcHRS.cpp
SCCS/s.idcHRS.cpp:

----------------------------------
idcIDL.cpp
SCCS/s.idcIDL.cpp:

----------------------------------
idcMR.cpp
SCCS/s.idcMR.cpp:

----------------------------------
idcPNV.cpp
SCCS/s.idcPNV.cpp:

----------------------------------
implicit_base.cpp
SCCS/s.implicit_base.cpp:

----------------------------------
include.cpp
SCCS/s.include.cpp:

----------------------------------
init.cpp
SCCS/s.init.cpp:

D 4.2 97/05/28 09:47:26 mpmoore 3 2	00001/00001/00136
MRs:
COMMENTS:
Removing ^M's

----------------------------------
log.cpp
SCCS/s.log.cpp:

----------------------------------
mapController.cpp
SCCS/s.mapController.cpp:

----------------------------------
mapObject.cpp
SCCS/s.mapObject.cpp:

----------------------------------
monte_tokens.cpp
SCCS/s.monte_tokens.cpp:

----------------------------------
parseutil.cpp
SCCS/s.parseutil.cpp:

D 4.2 97/05/28 09:50:53 mpmoore 3 2	00463/00463/00001
MRs:
COMMENTS:
Removing ^M's

----------------------------------
resfile.cpp
----------------------------------
simple_output.cpp
SCCS/s.simple_output.cpp:

D 4.2 97/05/28 09:47:34 mpmoore 3 2	00003/00003/00014
MRs:
COMMENTS:
Removing ^M's

----------------------------------
statistics.cpp
SCCS/s.statistics.cpp:

----------------------------------
version.cpp
SCCS/s.version.cpp:

D 4.3 97/05/29 14:36:43 mpmoore 4 3	00001/00001/00034
MRs:
COMMENTS:
updated version to "3.0.5" for external consumption.

----------------------------------
zcGMF_AbundanceIndex.cpp
SCCS/s.zcGMF_AbundanceIndex.cpp:

----------------------------------
zcGMF_CatchPreterm.cpp
SCCS/s.zcGMF_CatchPreterm.cpp:

----------------------------------
zcGMF_CatchTerminal.cpp
SCCS/s.zcGMF_CatchTerminal.cpp:

----------------------------------
zcGMF_CatchTotal.cpp
SCCS/s.zcGMF_CatchTotal.cpp:

----------------------------------
zcGMF_InMortLegal.cpp
SCCS/s.zcGMF_InMortLegal.cpp:

----------------------------------
zcGMF_InMortSublegal.cpp
SCCS/s.zcGMF_InMortSublegal.cpp:

----------------------------------
zcGMF_InMortTotal.cpp
SCCS/s.zcGMF_InMortTotal.cpp:

----------------------------------
zcGMH_HarvestGraphs.cpp
SCCS/s.zcGMH_HarvestGraphs.cpp:

----------------------------------
zcGMS_Abundance.cpp
SCCS/s.zcGMS_Abundance.cpp:

----------------------------------
zcGMS_CNRGraphs.cpp
SCCS/s.zcGMS_CNRGraphs.cpp:

----------------------------------
zcGMS_CatchGraphs.cpp
SCCS/s.zcGMS_CatchGraphs.cpp:

----------------------------------
zcGMS_Escapement.cpp
SCCS/s.zcGMS_Escapement.cpp:

----------------------------------
zcGMS_TrueTermRun.cpp
SCCS/s.zcGMS_TrueTermRun.cpp:

----------------------------------
zcGM_YearAgeGraph.cpp
SCCS/s.zcGM_YearAgeGraph.cpp:

----------------------------------
zcGM_YearGraph.cpp
SCCS/s.zcGM_YearGraph.cpp:

----------------------------------
zcGraphMediator.cpp
SCCS/s.zcGraphMediator.cpp:

----------------------------------
zcMouseTool.cpp
SCCS/s.zcMouseTool.cpp:

----------------------------------
zcMouseToolCrisp2.cpp
SCCS/s.zcMouseToolCrisp2.cpp:

----------------------------------
AgeVec.h
SCCS/s.AgeVec.h:

----------------------------------
Args.h
SCCS/s.Args.h:

----------------------------------
Bool.h
SCCS/s.Bool.h:

----------------------------------
Bootstrap.h
SCCS/s.Bootstrap.h:

----------------------------------
CNR.h
SCCS/s.CNR.h:

----------------------------------
Calendar.h
SCCS/s.Calendar.h:

----------------------------------
Calibrator.h
SCCS/s.Calibrator.h:

----------------------------------
Ceiling.h
SCCS/s.Ceiling.h:

D 4.3 97/05/28 09:29:41 mpmoore 14 13	00002/00002/00071
MRs:
COMMENTS:
Removing ^M's

----------------------------------
CeilingPolicy.h
SCCS/s.CeilingPolicy.h:

D 4.3 97/04/02 11:32:34 troy 7 6	00003/00013/00026
MRs:
COMMENTS:
cleaned up multi-ceiling policy concept

----------------------------------
Cohort.h
SCCS/s.Cohort.h:

D 4.4 97/05/30 10:28:04 mpmoore 11 10	00004/00005/00032
MRs:
COMMENTS:
version 3.0.5 - now builds and runs on Sun and PC from same code.

D 4.3 97/05/27 15:01:18 mpmoore 10 9	00037/00037/00000
MRs:
COMMENTS:
removed ^M's

----------------------------------
Fishery.h
SCCS/s.Fishery.h:

D 4.5 97/04/02 11:32:33 troy 32 31	00006/00001/00143
MRs:
COMMENTS:
cleaned up multi-ceiling policy concept

----------------------------------
FisheryList.h
SCCS/s.FisheryList.h:

----------------------------------
FisheryManagement.h
SCCS/s.FisheryManagement.h:

----------------------------------
FisherySummary.h
SCCS/s.FisherySummary.h:

----------------------------------
FisheryTactics.h
SCCS/s.FisheryTactics.h:

D 4.3 97/05/28 09:31:27 mpmoore 7 6	00019/00019/00065
MRs:
COMMENTS:
Removing ^M's

----------------------------------
FixedCombHarv.h
SCCS/s.FixedCombHarv.h:

----------------------------------
FixedEscStock.h
SCCS/s.FixedEscStock.h:

----------------------------------
FixedEscapementPolicy.h
SCCS/s.FixedEscapementPolicy.h:

D 4.3 97/04/02 11:32:36 troy 9 8	00000/00001/00148
MRs:
COMMENTS:
cleaned up multi-ceiling policy concept

----------------------------------
FixedHarvestPolicy.h
SCCS/s.FixedHarvestPolicy.h:

D 4.3 97/04/02 11:32:37 troy 7 6	00000/00001/00023
MRs:
COMMENTS:
cleaned up multi-ceiling policy concept

----------------------------------
GUI.h
SCCS/s.GUI.h:

----------------------------------
Harvest.h
SCCS/s.Harvest.h:

----------------------------------
HarvestList.h
SCCS/s.HarvestList.h:

----------------------------------
HarvestTactics.h
SCCS/s.HarvestTactics.h:

D 4.3 97/05/28 09:33:00 mpmoore 5 4	00001/00001/00034
MRs:
COMMENTS:
Removing ^M's

----------------------------------
HatchSurplusProduction.h
SCCS/s.HatchSurplusProduction.h:

----------------------------------
HatcheryProduction.h
SCCS/s.HatcheryProduction.h:

----------------------------------
HvSummary.h
SCCS/s.HvSummary.h:

----------------------------------
IEnum.h
SCCS/s.IEnum.h:

----------------------------------
IOCrud.h
SCCS/s.IOCrud.h:

D 4.3 97/05/27 14:55:24 mpmoore 26 25	00149/00149/00000
MRs:
COMMENTS:
removed ^M's

----------------------------------
MonteControl.h
SCCS/s.MonteControl.h:

D 4.3 97/05/28 09:33:13 mpmoore 9 8	00008/00008/00087
MRs:
COMMENTS:
Removing ^M's

----------------------------------
MonteDataItem.h
SCCS/s.MonteDataItem.h:

----------------------------------
MonteOutputItem.h
SCCS/s.MonteOutputItem.h:

----------------------------------
MonteStockIntrfc.h
SCCS/s.MonteStockIntrfc.h:

----------------------------------
MonteStockTracking.h
SCCS/s.MonteStockTracking.h:

D 4.3 97/05/28 09:33:25 mpmoore 7 6	00048/00048/00000
MRs:
COMMENTS:
Removing ^M's

----------------------------------
MonteTrackingItem.h
SCCS/s.MonteTrackingItem.h:

----------------------------------
MultiCeilingPolicy.h
SCCS/s.MultiCeilingPolicy.h:

D 4.3 97/04/02 11:32:38 troy 7 6	00015/00008/00024
MRs:
COMMENTS:
cleaned up multi-ceiling policy concept

----------------------------------
NamedPtrVec.h
SCCS/s.NamedPtrVec.h:

----------------------------------
NaturalProduction.h
SCCS/s.NaturalProduction.h:

----------------------------------
NonNeg.h
SCCS/s.NonNeg.h:

----------------------------------
Parser.h
SCCS/s.Parser.h:

----------------------------------
Phase.h
SCCS/s.Phase.h:

----------------------------------
Policies.h
SCCS/s.Policies.h:

D 4.3 97/04/02 11:32:34 troy 8 7	00007/00002/00010
MRs:
COMMENTS:
cleaned up multi-ceiling policy concept

----------------------------------
Policy.h
SCCS/s.Policy.h:

D 4.3 97/04/02 11:32:35 troy 7 6	00017/00007/00053
MRs:
COMMENTS:
cleaned up multi-ceiling policy concept

----------------------------------
Production.h
SCCS/s.Production.h:

D 4.3 97/05/28 09:33:34 mpmoore 8 7	00011/00011/00047
MRs:
COMMENTS:
Removing ^M's

----------------------------------
RandGen.h
SCCS/s.RandGen.h:

D 4.3 97/05/28 09:33:40 mpmoore 8 7	00040/00040/00000
MRs:
COMMENTS:
Removing ^M's

----------------------------------
RandNorm.h
SCCS/s.RandNorm.h:

----------------------------------
ReadToken.h
SCCS/s.ReadToken.h:

----------------------------------
SeedPod.h
SCCS/s.SeedPod.h:

D 4.3 97/05/28 09:33:46 mpmoore 6 5	00037/00037/00000
MRs:
COMMENTS:
Removing ^M's

----------------------------------
Simulation.h
SCCS/s.Simulation.h:

----------------------------------
State.h
SCCS/s.State.h:

----------------------------------
Stochastic.h
SCCS/s.Stochastic.h:

----------------------------------
Stock.h
SCCS/s.Stock.h:

D 4.3 97/05/28 09:33:54 mpmoore 31 30	00009/00009/00175
MRs:
COMMENTS:
Removing ^M's

----------------------------------
StockCalib.h
SCCS/s.StockCalib.h:

----------------------------------
StockConfig.h
SCCS/s.StockConfig.h:

D 4.3 97/05/28 09:34:01 mpmoore 10 9	00004/00004/00089
MRs:
COMMENTS:
Removing ^M's

----------------------------------
StockList.h
SCCS/s.StockList.h:

----------------------------------
StockSummary.h
SCCS/s.StockSummary.h:

----------------------------------
Strings.h
SCCS/s.Strings.h:

----------------------------------
Summary.h
SCCS/s.Summary.h:

----------------------------------
Token.h
SCCS/s.Token.h:

----------------------------------
UI.h
SCCS/s.UI.h:

----------------------------------
UniformInt.h
SCCS/s.UniformInt.h:

----------------------------------
ZasCalibration.h
SCCS/s.ZasCalibration.h:

----------------------------------
ZasDialogMedBPHR.h
SCCS/s.ZasDialogMedBPHR.h:

----------------------------------
ZasDialogMedPNV.h
SCCS/s.ZasDialogMedPNV.h:

----------------------------------
ZasGraphMedMonteCarlo.h
SCCS/s.ZasGraphMedMonteCarlo.h:

----------------------------------
ZasGraphUpdateMed.h
SCCS/s.ZasGraphUpdateMed.h:

----------------------------------
ZasMapMedCrispHarvest.h
SCCS/s.ZasMapMedCrispHarvest.h:

----------------------------------
ZasMediatorFactory.h
SCCS/s.ZasMediatorFactory.h:

----------------------------------
ZasMenuConst.h
SCCS/s.ZasMenuConst.h:

----------------------------------
ZasMonteCarlo.h
SCCS/s.ZasMonteCarlo.h:

----------------------------------
ZasTabDialogCeilings.h
SCCS/s.ZasTabDialogCeilings.h:

----------------------------------
ZasTabDialogENH.h
SCCS/s.ZasTabDialogENH.h:

----------------------------------
ZasTabDialogMedCeilings.h
SCCS/s.ZasTabDialogMedCeilings.h:

----------------------------------
ZasTabDialogMedENH.h
SCCS/s.ZasTabDialogMedENH.h:

----------------------------------
ZasTabDialogMedEV.h
SCCS/s.ZasTabDialogMedEV.h:

----------------------------------
ZasTabDialogMedHRS.h
SCCS/s.ZasTabDialogMedHRS.h:

----------------------------------
ZasTabDialogMedIDL.h
SCCS/s.ZasTabDialogMedIDL.h:

----------------------------------
ZasTabDialogMedMR.h
SCCS/s.ZasTabDialogMedMR.h:

----------------------------------
ZatCheckBoxGroup.h
SCCS/s.ZatCheckBoxGroup.h:

----------------------------------
ZatConstants.h
SCCS/s.ZatConstants.h:

----------------------------------
ZatDefines.h
SCCS/s.ZatDefines.h:

----------------------------------
ZatDialogBase.h
SCCS/s.ZatDialogBase.h:

----------------------------------
ZatDialogConstants.h
SCCS/s.ZatDialogConstants.h:

----------------------------------
ZatDialogMedBase.h
SCCS/s.ZatDialogMedBase.h:

----------------------------------
ZatEditSliderBase.h
SCCS/s.ZatEditSliderBase.h:

----------------------------------
ZatEditSliderDouble.h
SCCS/s.ZatEditSliderDouble.h:

----------------------------------
ZatEditSliderLong.h
SCCS/s.ZatEditSliderLong.h:

----------------------------------
ZatGraphConstants.h
SCCS/s.ZatGraphConstants.h:

----------------------------------
ZatGraphDialog.h
SCCS/s.ZatGraphDialog.h:

----------------------------------
ZatGraphicPane.h
SCCS/s.ZatGraphicPane.h:

----------------------------------
ZatImConScroller.h
SCCS/s.ZatImConScroller.h:

----------------------------------
ZatImpTabCtrl.h
SCCS/s.ZatImpTabCtrl.h:

----------------------------------
ZatImplicitScroller.h
SCCS/s.ZatImplicitScroller.h:

----------------------------------
ZatItem.h
SCCS/s.ZatItem.h:

----------------------------------
ZatMapMediator.h
SCCS/s.ZatMapMediator.h:

----------------------------------
ZatMapPane.h
SCCS/s.ZatMapPane.h:

----------------------------------
ZatMercatorTransform.h
SCCS/s.ZatMercatorTransform.h:

----------------------------------
ZatPointTransform.h
SCCS/s.ZatPointTransform.h:

----------------------------------
ZatRowColumnBox.h
SCCS/s.ZatRowColumnBox.h:

----------------------------------
ZatTabDialog.h
SCCS/s.ZatTabDialog.h:

----------------------------------
ZatTabDialogMed.h
SCCS/s.ZatTabDialogMed.h:

----------------------------------
base_tokens.h
SCCS/s.base_tokens.h:

----------------------------------
c2main.h
SCCS/s.c2main.h:

D 4.5 97/05/28 09:34:27 mpmoore 6 5	00046/00046/00000
MRs:
COMMENTS:
Removing ^M's

----------------------------------
clog.h
SCCS/s.clog.h:

----------------------------------
cnrVisitor.h
SCCS/s.cnrVisitor.h:

----------------------------------
command.h
SCCS/s.command.h:

D 4.3 97/05/28 09:34:35 mpmoore 8 7	00027/00027/00000
MRs:
COMMENTS:
Removing ^M's

----------------------------------
datFisheryCeilings.h
SCCS/s.datFisheryCeilings.h:

----------------------------------
datFisheryPNV.h
SCCS/s.datFisheryPNV.h:

D 4.3 97/05/28 09:34:43 mpmoore 4 3	00014/00014/00002
MRs:
COMMENTS:
Removing ^M's

----------------------------------
datHarvestBPHR.h
SCCS/s.datHarvestBPHR.h:

D 4.3 97/05/28 09:34:55 mpmoore 4 3	00014/00014/00001
MRs:
COMMENTS:
Removing ^M's

----------------------------------
datHarvestHRS.h
SCCS/s.datHarvestHRS.h:

D 4.3 97/05/27 14:49:51 mpmoore 4 3	00014/00014/00002
MRs:
COMMENTS:
removed ^M's

----------------------------------
datIntDouble.h
SCCS/s.datIntDouble.h:

D 4.3 97/05/28 09:36:02 mpmoore 4 3	00036/00036/00001
MRs:
COMMENTS:
Removed ^M's

----------------------------------
datStockENH.h
SCCS/s.datStockENH.h:

D 4.3 97/05/28 09:36:31 mpmoore 4 3	00014/00014/00001
MRs:
COMMENTS:
Removing ^M's

----------------------------------
datStockEV.h
SCCS/s.datStockEV.h:

D 4.3 97/05/28 09:36:38 mpmoore 4 3	00013/00013/00002
MRs:
COMMENTS:
Removing ^M's

----------------------------------
datStockIDL.h
SCCS/s.datStockIDL.h:

D 4.3 97/05/27 14:50:56 mpmoore 4 3	00013/00013/00001
MRs:
COMMENTS:
removed ^M's

----------------------------------
datStockMR.h
SCCS/s.datStockMR.h:

----------------------------------
datTypes.h
SCCS/s.datTypes.h:

----------------------------------
dir.h
SCCS/s.dir.h:

----------------------------------
globals.h
SCCS/s.globals.h:

D 4.3 97/05/28 09:36:50 mpmoore 14 13	00003/00003/00025
MRs:
COMMENTS:
Removing ^M's

----------------------------------
idcBPHR.h
SCCS/s.idcBPHR.h:

----------------------------------
idcCeilings.h
SCCS/s.idcCeilings.h:

----------------------------------
idcENH.h
SCCS/s.idcENH.h:

----------------------------------
idcEV.h
SCCS/s.idcEV.h:

----------------------------------
idcHRS.h
SCCS/s.idcHRS.h:

----------------------------------
idcIDL.h
SCCS/s.idcIDL.h:

----------------------------------
idcMR.h
SCCS/s.idcMR.h:

----------------------------------
idcPNV.h
SCCS/s.idcPNV.h:

----------------------------------
implicit.h
SCCS/s.implicit.h:

----------------------------------
implicit_base.h
SCCS/s.implicit_base.h:

----------------------------------
include.h
SCCS/s.include.h:

----------------------------------
init.h
SCCS/s.init.h:

----------------------------------
interfaceDataControl.h
SCCS/s.interfaceDataControl.h:

----------------------------------
log.h
SCCS/s.log.h:

----------------------------------
mapConstants.h
SCCS/s.mapConstants.h:

----------------------------------
mapController.h
SCCS/s.mapController.h:

----------------------------------
mapObject.h
SCCS/s.mapObject.h:

----------------------------------
mapPoint.h
SCCS/s.mapPoint.h:

----------------------------------
monte_tokens.h
SCCS/s.monte_tokens.h:

----------------------------------
parseutil.h
SCCS/s.parseutil.h:

----------------------------------
resource.h
SCCS/s.resource.h:

D 4.4 97/05/27 14:58:59 mpmoore 5 4	00020/00020/00000
MRs:
COMMENTS:
removed ^M's

----------------------------------
sample.h
SCCS/s.sample.h:

D 4.3 97/05/28 09:37:06 mpmoore 4 3	00018/00018/00000
MRs:
COMMENTS:
Removing ^M's

----------------------------------
smart_ptr.h
SCCS/s.smart_ptr.h:

D 4.3 97/05/28 09:37:16 mpmoore 4 3	00002/00002/00051
MRs:
COMMENTS:
Removing ^M's

----------------------------------
statistics.h
SCCS/s.statistics.h:

----------------------------------
strtools.h
SCCS/s.strtools.h:

D 4.4 97/05/30 10:28:05 mpmoore 5 4	00004/00000/00008
MRs:
COMMENTS:
version 3.0.5 - now builds and runs on Sun and PC from same code.

D 4.3 97/05/28 09:37:21 mpmoore 4 3	00008/00008/00000
MRs:
COMMENTS:
Removing ^M's

----------------------------------
tokens.h
SCCS/s.tokens.h:

----------------------------------
zcGMF_AbundanceIndex.h
SCCS/s.zcGMF_AbundanceIndex.h:

----------------------------------
zcGMF_CatchGraphs.h
SCCS/s.zcGMF_CatchGraphs.h:

----------------------------------
zcGMF_InMortGraphs.h
SCCS/s.zcGMF_InMortGraphs.h:

----------------------------------
zcGMH_HarvestGraphs.h
SCCS/s.zcGMH_HarvestGraphs.h:

----------------------------------
zcGMS_Abundance.h
SCCS/s.zcGMS_Abundance.h:

----------------------------------
zcGMS_CNRGraphs.h
SCCS/s.zcGMS_CNRGraphs.h:

----------------------------------
zcGMS_CatchGraphs.h
SCCS/s.zcGMS_CatchGraphs.h:

----------------------------------
zcGMS_Escapement.h
SCCS/s.zcGMS_Escapement.h:

----------------------------------
zcGMS_TrueTermRun.h
SCCS/s.zcGMS_TrueTermRun.h:

----------------------------------
zcGM_YearAgeGraph.h
SCCS/s.zcGM_YearAgeGraph.h:

----------------------------------
zcGM_YearGraph.h
SCCS/s.zcGM_YearGraph.h:

----------------------------------
zcGraphMediator.h
SCCS/s.zcGraphMediator.h:

----------------------------------
zcMouseTool.h
SCCS/s.zcMouseTool.h:

----------------------------------
zcMouseToolCrisp2.h
SCCS/s.zcMouseToolCrisp2.h:

----------------------------------
file.c
SCCS/s.file.c:

----------------------------------
