Args.cpp
SCCS/s.Args.cpp:

----------------------------------
Bootstrap.cpp
SCCS/s.Bootstrap.cpp:

----------------------------------
CNR.cpp
SCCS/s.CNR.cpp:

----------------------------------
Calendar.cpp
SCCS/s.Calendar.cpp:

----------------------------------
Calibrator.cpp
SCCS/s.Calibrator.cpp:

----------------------------------
Ceiling.cpp
SCCS/s.Ceiling.cpp:

----------------------------------
CeilingPolicy.cpp
SCCS/s.CeilingPolicy.cpp:

----------------------------------
Cohort.cpp
SCCS/s.Cohort.cpp:

----------------------------------
Fishery.cpp
SCCS/s.Fishery.cpp:

----------------------------------
FisheryManagement.cpp
SCCS/s.FisheryManagement.cpp:

----------------------------------
FisherySummary.cpp
SCCS/s.FisherySummary.cpp:

----------------------------------
FisheryTactics.cpp
SCCS/s.FisheryTactics.cpp:

----------------------------------
FixedCombHarv.cpp
SCCS/s.FixedCombHarv.cpp:

----------------------------------
FixedEscapementPolicy.cpp
SCCS/s.FixedEscapementPolicy.cpp:

----------------------------------
GUI.cpp
SCCS/s.GUI.cpp:

----------------------------------
Harvest.cpp
SCCS/s.Harvest.cpp:

----------------------------------
HarvestList.cpp
SCCS/s.HarvestList.cpp:

----------------------------------
HarvestTactics.cpp
SCCS/s.HarvestTactics.cpp:

----------------------------------
HatchSurplusProduction.cpp
SCCS/s.HatchSurplusProduction.cpp:

----------------------------------
HatcheryProduction.cpp
SCCS/s.HatcheryProduction.cpp:

----------------------------------
HvSummary.cpp
SCCS/s.HvSummary.cpp:

----------------------------------
IOCrud.cpp
SCCS/s.IOCrud.cpp:

----------------------------------
MonteControl.cpp
SCCS/s.MonteControl.cpp:

----------------------------------
MonteDataItem.cpp
SCCS/s.MonteDataItem.cpp:

----------------------------------
MonteOutputItem.cpp
SCCS/s.MonteOutputItem.cpp:

----------------------------------
MonteStockIntrfc.cpp
SCCS/s.MonteStockIntrfc.cpp:

----------------------------------
MonteStockTracking.cpp
SCCS/s.MonteStockTracking.cpp:

----------------------------------
MonteTrackingItem.cpp
SCCS/s.MonteTrackingItem.cpp:

----------------------------------
MultiCeilingPolicy.cpp
SCCS/s.MultiCeilingPolicy.cpp:

----------------------------------
NamedPtrVec.cpp
SCCS/s.NamedPtrVec.cpp:

----------------------------------
NaturalProduction.cpp
SCCS/s.NaturalProduction.cpp:

----------------------------------
Parser.cpp
SCCS/s.Parser.cpp:

----------------------------------
Policy.cpp
SCCS/s.Policy.cpp:

----------------------------------
Production.cpp
SCCS/s.Production.cpp:

----------------------------------
RandGen.cpp
SCCS/s.RandGen.cpp:

----------------------------------
RandNorm.cpp
SCCS/s.RandNorm.cpp:

----------------------------------
ReadToken.cpp
SCCS/s.ReadToken.cpp:

----------------------------------
Sample.cpp
SCCS/s.Sample.cpp:

----------------------------------
Simulation.cpp
SCCS/s.Simulation.cpp:

----------------------------------
State.cpp
SCCS/s.State.cpp:

----------------------------------
Stock.cpp
SCCS/s.Stock.cpp:

----------------------------------
StockCalib.cpp
SCCS/s.StockCalib.cpp:

----------------------------------
StockConfig.cpp
SCCS/s.StockConfig.cpp:

----------------------------------
StockSummary.cpp
SCCS/s.StockSummary.cpp:

----------------------------------
String.cpp
SCCS/s.String.cpp:

----------------------------------
Strtools.cpp
SCCS/s.Strtools.cpp:

----------------------------------
Token.cpp
SCCS/s.Token.cpp:

----------------------------------
ZasCalibration.cpp
SCCS/s.ZasCalibration.cpp:

----------------------------------
ZasDialogMedBPHR.cpp
SCCS/s.ZasDialogMedBPHR.cpp:

----------------------------------
ZasDialogMedPNV.cpp
SCCS/s.ZasDialogMedPNV.cpp:

----------------------------------
ZasGraphMedMonteCarlo.cpp
SCCS/s.ZasGraphMedMonteCarlo.cpp:

----------------------------------
ZasGraphUpdateMed.cpp
SCCS/s.ZasGraphUpdateMed.cpp:

----------------------------------
ZasMapMedCrispHarvest.cpp
SCCS/s.ZasMapMedCrispHarvest.cpp:

----------------------------------
ZasMediatorFactory.cpp
SCCS/s.ZasMediatorFactory.cpp:

----------------------------------
ZasMonteCarlo.cpp
SCCS/s.ZasMonteCarlo.cpp:

----------------------------------
ZasTabDialogCeilings.cpp
SCCS/s.ZasTabDialogCeilings.cpp:

----------------------------------
ZasTabDialogENH.cpp
SCCS/s.ZasTabDialogENH.cpp:

----------------------------------
ZasTabDialogMedCeilings.cpp
SCCS/s.ZasTabDialogMedCeilings.cpp:

----------------------------------
ZasTabDialogMedENH.cpp
SCCS/s.ZasTabDialogMedENH.cpp:

----------------------------------
ZasTabDialogMedEV.cpp
SCCS/s.ZasTabDialogMedEV.cpp:

----------------------------------
ZasTabDialogMedHRS.cpp
SCCS/s.ZasTabDialogMedHRS.cpp:

----------------------------------
ZasTabDialogMedIDL.cpp
SCCS/s.ZasTabDialogMedIDL.cpp:

----------------------------------
ZasTabDialogMedMR.cpp
SCCS/s.ZasTabDialogMedMR.cpp:

----------------------------------
ZatCheckBoxGroup.cpp
SCCS/s.ZatCheckBoxGroup.cpp:

----------------------------------
ZatDialogBase.cpp
SCCS/s.ZatDialogBase.cpp:

----------------------------------
ZatDialogMedBase.cpp
SCCS/s.ZatDialogMedBase.cpp:

----------------------------------
ZatEditSliderBase.cpp
SCCS/s.ZatEditSliderBase.cpp:

----------------------------------
ZatEditSliderDouble.cpp
SCCS/s.ZatEditSliderDouble.cpp:

----------------------------------
ZatEditSliderLong.cpp
SCCS/s.ZatEditSliderLong.cpp:

----------------------------------
ZatGraphDialog.cpp
SCCS/s.ZatGraphDialog.cpp:

D 4.11 97/10/22 15:15:14 mpmoore 12 11	00009/00000/00578
MRs:
COMMENTS:
fixed repaint on zoom bug.

----------------------------------
ZatGraphicPane.cpp
SCCS/s.ZatGraphicPane.cpp:

----------------------------------
ZatImplicitScroller.cpp
SCCS/s.ZatImplicitScroller.cpp:

----------------------------------
ZatMapMediator.cpp
SCCS/s.ZatMapMediator.cpp:

----------------------------------
ZatMapPane.cpp
SCCS/s.ZatMapPane.cpp:

----------------------------------
ZatMercatorTransform.cpp
SCCS/s.ZatMercatorTransform.cpp:

----------------------------------
ZatPointTransform.cpp
SCCS/s.ZatPointTransform.cpp:

----------------------------------
ZatRowColumnBox.cpp
SCCS/s.ZatRowColumnBox.cpp:

----------------------------------
ZatTabDialog.cpp
SCCS/s.ZatTabDialog.cpp:

----------------------------------
ZatTabDialogMed.cpp
SCCS/s.ZatTabDialogMed.cpp:

----------------------------------
base_tokens.cpp
SCCS/s.base_tokens.cpp:

----------------------------------
c2main.cpp
SCCS/s.c2main.cpp:

D 4.13 97/12/08 10:06:09 mpmoore 14 13	00028/00001/00438
MRs:
COMMENTS:
changed About Box

D 4.12 97/10/23 15:55:40 mpmoore 13 12	00015/00012/00424
MRs:
COMMENTS:
fixed bugs, got main window to come up faster

----------------------------------
clog.cpp
SCCS/s.clog.cpp:

----------------------------------
command.cpp
SCCS/s.command.cpp:

----------------------------------
datFisheryCeilings.cpp
SCCS/s.datFisheryCeilings.cpp:

----------------------------------
datIntDouble.cpp
SCCS/s.datIntDouble.cpp:

----------------------------------
debug.cpp
SCCS/s.debug.cpp:

----------------------------------
dir.cpp
SCCS/s.dir.cpp:

----------------------------------
engine.cpp
SCCS/s.engine.cpp:

----------------------------------
globals.cpp
SCCS/s.globals.cpp:

----------------------------------
idcBPHR.cpp
SCCS/s.idcBPHR.cpp:

----------------------------------
idcCeilings.cpp
SCCS/s.idcCeilings.cpp:

----------------------------------
idcENH.cpp
SCCS/s.idcENH.cpp:

----------------------------------
idcEV.cpp
SCCS/s.idcEV.cpp:

----------------------------------
idcHRS.cpp
SCCS/s.idcHRS.cpp:

----------------------------------
idcIDL.cpp
SCCS/s.idcIDL.cpp:

----------------------------------
idcMR.cpp
SCCS/s.idcMR.cpp:

----------------------------------
idcPNV.cpp
SCCS/s.idcPNV.cpp:

----------------------------------
implicit_base.cpp
SCCS/s.implicit_base.cpp:

----------------------------------
include.cpp
SCCS/s.include.cpp:

----------------------------------
init.cpp
SCCS/s.init.cpp:

----------------------------------
log.cpp
SCCS/s.log.cpp:

----------------------------------
mapController.cpp
SCCS/s.mapController.cpp:

----------------------------------
mapObject.cpp
SCCS/s.mapObject.cpp:

----------------------------------
monte_tokens.cpp
SCCS/s.monte_tokens.cpp:

----------------------------------
parseutil.cpp
SCCS/s.parseutil.cpp:

----------------------------------
resfile.cpp
----------------------------------
simple_output.cpp
SCCS/s.simple_output.cpp:

----------------------------------
statistics.cpp
SCCS/s.statistics.cpp:

----------------------------------
version.cpp
SCCS/s.version.cpp:

----------------------------------
zcGMF_AbundanceIndex.cpp
SCCS/s.zcGMF_AbundanceIndex.cpp:

----------------------------------
zcGMF_CatchPreterm.cpp
SCCS/s.zcGMF_CatchPreterm.cpp:

----------------------------------
zcGMF_CatchTerminal.cpp
SCCS/s.zcGMF_CatchTerminal.cpp:

----------------------------------
zcGMF_CatchTotal.cpp
SCCS/s.zcGMF_CatchTotal.cpp:

----------------------------------
zcGMF_InMortLegal.cpp
SCCS/s.zcGMF_InMortLegal.cpp:

----------------------------------
zcGMF_InMortSublegal.cpp
SCCS/s.zcGMF_InMortSublegal.cpp:

----------------------------------
zcGMF_InMortTotal.cpp
SCCS/s.zcGMF_InMortTotal.cpp:

----------------------------------
zcGMH_HarvestGraphs.cpp
SCCS/s.zcGMH_HarvestGraphs.cpp:

D 4.5 97/10/23 15:55:42 mpmoore 6 5	00002/00002/00125
MRs:
COMMENTS:
fixed bugs, got main window to come up faster

----------------------------------
zcGMS_Abundance.cpp
SCCS/s.zcGMS_Abundance.cpp:

----------------------------------
zcGMS_CNRGraphs.cpp
SCCS/s.zcGMS_CNRGraphs.cpp:

----------------------------------
zcGMS_CatchGraphs.cpp
SCCS/s.zcGMS_CatchGraphs.cpp:

----------------------------------
zcGMS_Escapement.cpp
SCCS/s.zcGMS_Escapement.cpp:

----------------------------------
zcGMS_TrueTermRun.cpp
SCCS/s.zcGMS_TrueTermRun.cpp:

----------------------------------
zcGM_YearAgeGraph.cpp
SCCS/s.zcGM_YearAgeGraph.cpp:

----------------------------------
zcGM_YearGraph.cpp
SCCS/s.zcGM_YearGraph.cpp:

----------------------------------
zcGraphMediator.cpp
SCCS/s.zcGraphMediator.cpp:

D 4.8 97/10/23 15:55:44 mpmoore 9 8	00001/00001/00224
MRs:
COMMENTS:
fixed bugs, got main window to come up faster

----------------------------------
zcMouseTool.cpp
SCCS/s.zcMouseTool.cpp:

----------------------------------
zcMouseToolCrisp2.cpp
SCCS/s.zcMouseToolCrisp2.cpp:

----------------------------------
AgeVec.h
SCCS/s.AgeVec.h:

----------------------------------
Args.h
SCCS/s.Args.h:

----------------------------------
Bool.h
SCCS/s.Bool.h:

----------------------------------
Bootstrap.h
SCCS/s.Bootstrap.h:

----------------------------------
CNR.h
SCCS/s.CNR.h:

----------------------------------
Calendar.h
SCCS/s.Calendar.h:

----------------------------------
Calibrator.h
SCCS/s.Calibrator.h:

----------------------------------
Ceiling.h
SCCS/s.Ceiling.h:

----------------------------------
CeilingPolicy.h
SCCS/s.CeilingPolicy.h:

----------------------------------
Cohort.h
SCCS/s.Cohort.h:

----------------------------------
Fishery.h
SCCS/s.Fishery.h:

----------------------------------
FisheryList.h
SCCS/s.FisheryList.h:

----------------------------------
FisheryManagement.h
SCCS/s.FisheryManagement.h:

----------------------------------
FisherySummary.h
SCCS/s.FisherySummary.h:

----------------------------------
FisheryTactics.h
SCCS/s.FisheryTactics.h:

----------------------------------
FixedCombHarv.h
SCCS/s.FixedCombHarv.h:

----------------------------------
FixedEscStock.h
SCCS/s.FixedEscStock.h:

----------------------------------
FixedEscapementPolicy.h
SCCS/s.FixedEscapementPolicy.h:

----------------------------------
FixedHarvestPolicy.h
SCCS/s.FixedHarvestPolicy.h:

----------------------------------
GUI.h
SCCS/s.GUI.h:

----------------------------------
Harvest.h
SCCS/s.Harvest.h:

----------------------------------
HarvestList.h
SCCS/s.HarvestList.h:

----------------------------------
HarvestTactics.h
SCCS/s.HarvestTactics.h:

----------------------------------
HatchSurplusProduction.h
SCCS/s.HatchSurplusProduction.h:

----------------------------------
HatcheryProduction.h
SCCS/s.HatcheryProduction.h:

----------------------------------
HvSummary.h
SCCS/s.HvSummary.h:

----------------------------------
IEnum.h
SCCS/s.IEnum.h:

----------------------------------
IOCrud.h
SCCS/s.IOCrud.h:

----------------------------------
MonteControl.h
SCCS/s.MonteControl.h:

----------------------------------
MonteDataItem.h
SCCS/s.MonteDataItem.h:

----------------------------------
MonteOutputItem.h
SCCS/s.MonteOutputItem.h:

----------------------------------
MonteStockIntrfc.h
SCCS/s.MonteStockIntrfc.h:

----------------------------------
MonteStockTracking.h
SCCS/s.MonteStockTracking.h:

----------------------------------
MonteTrackingItem.h
SCCS/s.MonteTrackingItem.h:

----------------------------------
MultiCeilingPolicy.h
SCCS/s.MultiCeilingPolicy.h:

----------------------------------
NamedPtrVec.h
SCCS/s.NamedPtrVec.h:

----------------------------------
NaturalProduction.h
SCCS/s.NaturalProduction.h:

----------------------------------
NonNeg.h
SCCS/s.NonNeg.h:

----------------------------------
Parser.h
SCCS/s.Parser.h:

----------------------------------
Phase.h
SCCS/s.Phase.h:

----------------------------------
Policies.h
SCCS/s.Policies.h:

----------------------------------
Policy.h
SCCS/s.Policy.h:

----------------------------------
Production.h
SCCS/s.Production.h:

----------------------------------
RandGen.h
SCCS/s.RandGen.h:

----------------------------------
RandNorm.h
SCCS/s.RandNorm.h:

----------------------------------
ReadToken.h
SCCS/s.ReadToken.h:

----------------------------------
SeedPod.h
SCCS/s.SeedPod.h:

----------------------------------
Simulation.h
SCCS/s.Simulation.h:

----------------------------------
State.h
SCCS/s.State.h:

----------------------------------
Stochastic.h
SCCS/s.Stochastic.h:

----------------------------------
Stock.h
SCCS/s.Stock.h:

----------------------------------
StockCalib.h
SCCS/s.StockCalib.h:

----------------------------------
StockConfig.h
SCCS/s.StockConfig.h:

----------------------------------
StockList.h
SCCS/s.StockList.h:

----------------------------------
StockSummary.h
SCCS/s.StockSummary.h:

----------------------------------
Strings.h
SCCS/s.Strings.h:

----------------------------------
Summary.h
SCCS/s.Summary.h:

----------------------------------
Token.h
SCCS/s.Token.h:

----------------------------------
UI.h
SCCS/s.UI.h:

----------------------------------
UniformInt.h
SCCS/s.UniformInt.h:

----------------------------------
ZasCalibration.h
SCCS/s.ZasCalibration.h:

----------------------------------
ZasDialogMedBPHR.h
SCCS/s.ZasDialogMedBPHR.h:

----------------------------------
ZasDialogMedPNV.h
SCCS/s.ZasDialogMedPNV.h:

----------------------------------
ZasGraphMedMonteCarlo.h
SCCS/s.ZasGraphMedMonteCarlo.h:

----------------------------------
ZasGraphUpdateMed.h
SCCS/s.ZasGraphUpdateMed.h:

----------------------------------
ZasMapMedCrispHarvest.h
SCCS/s.ZasMapMedCrispHarvest.h:

----------------------------------
ZasMediatorFactory.h
SCCS/s.ZasMediatorFactory.h:

----------------------------------
ZasMenuConst.h
SCCS/s.ZasMenuConst.h:

----------------------------------
ZasMonteCarlo.h
SCCS/s.ZasMonteCarlo.h:

----------------------------------
ZasTabDialogCeilings.h
SCCS/s.ZasTabDialogCeilings.h:

----------------------------------
ZasTabDialogENH.h
SCCS/s.ZasTabDialogENH.h:

----------------------------------
ZasTabDialogMedCeilings.h
SCCS/s.ZasTabDialogMedCeilings.h:

----------------------------------
ZasTabDialogMedENH.h
SCCS/s.ZasTabDialogMedENH.h:

----------------------------------
ZasTabDialogMedEV.h
SCCS/s.ZasTabDialogMedEV.h:

----------------------------------
ZasTabDialogMedHRS.h
SCCS/s.ZasTabDialogMedHRS.h:

----------------------------------
ZasTabDialogMedIDL.h
SCCS/s.ZasTabDialogMedIDL.h:

----------------------------------
ZasTabDialogMedMR.h
SCCS/s.ZasTabDialogMedMR.h:

----------------------------------
ZatCheckBoxGroup.h
SCCS/s.ZatCheckBoxGroup.h:

----------------------------------
ZatConstants.h
SCCS/s.ZatConstants.h:

----------------------------------
ZatDefines.h
SCCS/s.ZatDefines.h:

----------------------------------
ZatDialogBase.h
SCCS/s.ZatDialogBase.h:

----------------------------------
ZatDialogConstants.h
SCCS/s.ZatDialogConstants.h:

----------------------------------
ZatDialogMedBase.h
SCCS/s.ZatDialogMedBase.h:

----------------------------------
ZatEditSliderBase.h
SCCS/s.ZatEditSliderBase.h:

----------------------------------
ZatEditSliderDouble.h
SCCS/s.ZatEditSliderDouble.h:

----------------------------------
ZatEditSliderLong.h
SCCS/s.ZatEditSliderLong.h:

----------------------------------
ZatGraphConstants.h
SCCS/s.ZatGraphConstants.h:

----------------------------------
ZatGraphDialog.h
SCCS/s.ZatGraphDialog.h:

D 4.9 97/10/23 15:55:39 mpmoore 10 9	00001/00001/00121
MRs:
COMMENTS:
fixed bugs, got main window to come up faster

----------------------------------
ZatGraphicPane.h
SCCS/s.ZatGraphicPane.h:

----------------------------------
ZatImConScroller.h
SCCS/s.ZatImConScroller.h:

----------------------------------
ZatImpTabCtrl.h
SCCS/s.ZatImpTabCtrl.h:

----------------------------------
ZatImplicitScroller.h
SCCS/s.ZatImplicitScroller.h:

----------------------------------
ZatItem.h
SCCS/s.ZatItem.h:

----------------------------------
ZatMapMediator.h
SCCS/s.ZatMapMediator.h:

----------------------------------
ZatMapPane.h
SCCS/s.ZatMapPane.h:

----------------------------------
ZatMercatorTransform.h
SCCS/s.ZatMercatorTransform.h:

----------------------------------
ZatPointTransform.h
SCCS/s.ZatPointTransform.h:

----------------------------------
ZatRowColumnBox.h
SCCS/s.ZatRowColumnBox.h:

----------------------------------
ZatTabDialog.h
SCCS/s.ZatTabDialog.h:

----------------------------------
ZatTabDialogMed.h
SCCS/s.ZatTabDialogMed.h:

----------------------------------
base_tokens.h
SCCS/s.base_tokens.h:

----------------------------------
c2main.h
SCCS/s.c2main.h:

D 4.7 97/10/23 15:55:37 mpmoore 8 7	00001/00000/00045
MRs:
COMMENTS:
fixed bugs, got main window to come up faster

----------------------------------
clog.h
SCCS/s.clog.h:

----------------------------------
cnrVisitor.h
SCCS/s.cnrVisitor.h:

----------------------------------
command.h
SCCS/s.command.h:

----------------------------------
datFisheryCeilings.h
SCCS/s.datFisheryCeilings.h:

----------------------------------
datFisheryPNV.h
SCCS/s.datFisheryPNV.h:

----------------------------------
datHarvestBPHR.h
SCCS/s.datHarvestBPHR.h:

----------------------------------
datHarvestHRS.h
SCCS/s.datHarvestHRS.h:

----------------------------------
datIntDouble.h
SCCS/s.datIntDouble.h:

----------------------------------
datStockENH.h
SCCS/s.datStockENH.h:

----------------------------------
datStockEV.h
SCCS/s.datStockEV.h:

----------------------------------
datStockIDL.h
SCCS/s.datStockIDL.h:

----------------------------------
datStockMR.h
SCCS/s.datStockMR.h:

----------------------------------
datTypes.h
SCCS/s.datTypes.h:

----------------------------------
dir.h
SCCS/s.dir.h:

----------------------------------
globals.h
SCCS/s.globals.h:

----------------------------------
idcBPHR.h
SCCS/s.idcBPHR.h:

----------------------------------
idcCeilings.h
SCCS/s.idcCeilings.h:

----------------------------------
idcENH.h
SCCS/s.idcENH.h:

----------------------------------
idcEV.h
SCCS/s.idcEV.h:

----------------------------------
idcHRS.h
SCCS/s.idcHRS.h:

----------------------------------
idcIDL.h
SCCS/s.idcIDL.h:

----------------------------------
idcMR.h
SCCS/s.idcMR.h:

----------------------------------
idcPNV.h
SCCS/s.idcPNV.h:

----------------------------------
implicit.h
SCCS/s.implicit.h:

----------------------------------
implicit_base.h
SCCS/s.implicit_base.h:

----------------------------------
include.h
SCCS/s.include.h:

----------------------------------
init.h
SCCS/s.init.h:

----------------------------------
interfaceDataControl.h
SCCS/s.interfaceDataControl.h:

----------------------------------
log.h
SCCS/s.log.h:

----------------------------------
mapConstants.h
SCCS/s.mapConstants.h:

----------------------------------
mapController.h
SCCS/s.mapController.h:

----------------------------------
mapObject.h
SCCS/s.mapObject.h:

----------------------------------
mapPoint.h
SCCS/s.mapPoint.h:

----------------------------------
monte_tokens.h
SCCS/s.monte_tokens.h:

----------------------------------
parseutil.h
SCCS/s.parseutil.h:

----------------------------------
resource.h
SCCS/s.resource.h:

----------------------------------
sample.h
SCCS/s.sample.h:

----------------------------------
smart_ptr.h
SCCS/s.smart_ptr.h:

----------------------------------
statistics.h
SCCS/s.statistics.h:

----------------------------------
strtools.h
SCCS/s.strtools.h:

----------------------------------
tokens.h
SCCS/s.tokens.h:

----------------------------------
zcGMF_AbundanceIndex.h
SCCS/s.zcGMF_AbundanceIndex.h:

----------------------------------
zcGMF_CatchGraphs.h
SCCS/s.zcGMF_CatchGraphs.h:

----------------------------------
zcGMF_InMortGraphs.h
SCCS/s.zcGMF_InMortGraphs.h:

----------------------------------
zcGMH_HarvestGraphs.h
SCCS/s.zcGMH_HarvestGraphs.h:

----------------------------------
zcGMS_Abundance.h
SCCS/s.zcGMS_Abundance.h:

----------------------------------
zcGMS_CNRGraphs.h
SCCS/s.zcGMS_CNRGraphs.h:

----------------------------------
zcGMS_CatchGraphs.h
SCCS/s.zcGMS_CatchGraphs.h:

----------------------------------
zcGMS_Escapement.h
SCCS/s.zcGMS_Escapement.h:

----------------------------------
zcGMS_TrueTermRun.h
SCCS/s.zcGMS_TrueTermRun.h:

----------------------------------
zcGM_YearAgeGraph.h
SCCS/s.zcGM_YearAgeGraph.h:

----------------------------------
zcGM_YearGraph.h
SCCS/s.zcGM_YearGraph.h:

----------------------------------
zcGraphMediator.h
SCCS/s.zcGraphMediator.h:

----------------------------------
zcMouseTool.h
SCCS/s.zcMouseTool.h:

----------------------------------
zcMouseToolCrisp2.h
SCCS/s.zcMouseToolCrisp2.h:

----------------------------------
file.c
SCCS/s.file.c:

----------------------------------
